{"D:\\Rafi\\Programming\\Project\\fitness-app\\backend\\src\\app.ts": {"path":"D:\\Rafi\\Programming\\Project\\fitness-app\\backend\\src\\app.ts","statementMap":{"0":{"start":{"line":1,"column":0},"end":{"line":1,"column":53}},"1":{"start":{"line":2,"column":0},"end":{"line":2,"column":41}},"2":{"start":{"line":3,"column":0},"end":{"line":3,"column":41}},"3":{"start":{"line":4,"column":0},"end":{"line":4,"column":52}},"4":{"start":{"line":5,"column":0},"end":{"line":5,"column":28}},"5":{"start":{"line":6,"column":0},"end":{"line":6,"column":39}},"6":{"start":{"line":7,"column":0},"end":{"line":7,"column":39}},"7":{"start":{"line":8,"column":0},"end":{"line":8,"column":45}},"8":{"start":{"line":9,"column":0},"end":{"line":9,"column":43}},"9":{"start":{"line":10,"column":0},"end":{"line":10,"column":16}},"10":{"start":{"line":12,"column":13},"end":{"line":12,"column":50}},"11":{"start":{"line":13,"column":21},"end":{"line":13,"column":73}},"12":{"start":{"line":15,"column":33},"end":{"line":17,"column":2}},"13":{"start":{"line":19,"column":0},"end":{"line":19,"column":35}},"14":{"start":{"line":21,"column":25},"end":{"line":32,"column":2}},"15":{"start":{"line":21,"column":51},"end":{"line":32,"column":2}},"16":{"start":{"line":22,"column":4},"end":{"line":31,"column":null}},"17":{"start":{"line":23,"column":8},"end":{"line":27,"column":10}},"18":{"start":{"line":29,"column":8},"end":{"line":29,"column":54}},"19":{"start":{"line":30,"column":8},"end":{"line":30,"column":20}},"20":{"start":{"line":21,"column":13},"end":{"line":21,"column":25}},"21":{"start":{"line":34,"column":0},"end":{"line":36,"column":3}},"22":{"start":{"line":35,"column":4},"end":{"line":35,"column":34}},"23":{"start":{"line":39,"column":0},"end":{"line":39,"column":24}},"24":{"start":{"line":40,"column":0},"end":{"line":40,"column":24}},"25":{"start":{"line":41,"column":0},"end":{"line":41,"column":27}},"26":{"start":{"line":42,"column":0},"end":{"line":42,"column":36}},"27":{"start":{"line":43,"column":0},"end":{"line":43,"column":37}},"28":{"start":{"line":44,"column":0},"end":{"line":44,"column":43}},"29":{"start":{"line":45,"column":0},"end":{"line":45,"column":41}},"30":{"start":{"line":48,"column":13},"end":{"line":51,"column":3}},"31":{"start":{"line":49,"column":4},"end":{"line":49,"column":16}},"32":{"start":{"line":50,"column":4},"end":{"line":50,"column":62}}},"fnMap":{"0":{"name":"(anonymous_8)","decl":{"start":{"line":21,"column":25},"end":{"line":21,"column":49}},"loc":{"start":{"line":21,"column":51},"end":{"line":32,"column":2}}},"1":{"name":"(anonymous_9)","decl":{"start":{"line":21,"column":51},"end":{"line":21,"column":null}},"loc":{"start":{"line":21,"column":51},"end":{"line":32,"column":1}}},"2":{"name":"(anonymous_10)","decl":{"start":{"line":34,"column":13},"end":{"line":34,"column":14}},"loc":{"start":{"line":34,"column":45},"end":{"line":36,"column":1}}},"3":{"name":"(anonymous_11)","decl":{"start":{"line":48,"column":39},"end":{"line":48,"column":42}},"loc":{"start":{"line":48,"column":44},"end":{"line":51,"column":1}}}},"branchMap":{"0":{"loc":{"start":{"line":13,"column":21},"end":{"line":13,"column":73}},"type":"cond-expr","locations":[{"start":{"line":13,"column":40},"end":{"line":13,"column":66}},{"start":{"line":13,"column":69},"end":{"line":13,"column":73}}]}},"s":{"0":1,"1":1,"2":1,"3":1,"4":1,"5":1,"6":1,"7":1,"8":1,"9":1,"10":1,"11":1,"12":1,"13":1,"14":1,"15":2,"16":2,"17":2,"18":0,"19":0,"20":1,"21":1,"22":0,"23":1,"24":1,"25":1,"26":1,"27":1,"28":1,"29":1,"30":1,"31":1,"32":1},"f":{"0":2,"1":2,"2":0,"3":1},"b":{"0":[1,0]}}
,"D:\\Rafi\\Programming\\Project\\fitness-app\\backend\\src\\Controllers\\authController.ts": {"path":"D:\\Rafi\\Programming\\Project\\fitness-app\\backend\\src\\Controllers\\authController.ts","statementMap":{"0":{"start":{"line":2,"column":0},"end":{"line":2,"column":31}},"1":{"start":{"line":3,"column":0},"end":{"line":3,"column":30}},"2":{"start":{"line":4,"column":0},"end":{"line":4,"column":51}},"3":{"start":{"line":5,"column":0},"end":{"line":5,"column":60}},"4":{"start":{"line":7,"column":22},"end":{"line":13,"column":1}},"5":{"start":{"line":8,"column":4},"end":{"line":12,"column":6}},"6":{"start":{"line":15,"column":24},"end":{"line":67,"column":2}},"7":{"start":{"line":15,"column":62},"end":{"line":67,"column":2}},"8":{"start":{"line":16,"column":59},"end":{"line":16,"column":67}},"9":{"start":{"line":17,"column":4},"end":{"line":66,"column":null}},"10":{"start":{"line":18,"column":44},"end":{"line":18,"column":48}},"11":{"start":{"line":19,"column":8},"end":{"line":23,"column":null}},"12":{"start":{"line":20,"column":12},"end":{"line":20,"column":49}},"13":{"start":{"line":21,"column":15},"end":{"line":23,"column":null}},"14":{"start":{"line":22,"column":12},"end":{"line":22,"column":52}},"15":{"start":{"line":25,"column":8},"end":{"line":29,"column":null}},"16":{"start":{"line":26,"column":12},"end":{"line":28,"column":15}},"17":{"start":{"line":31,"column":21},"end":{"line":31,"column":45}},"18":{"start":{"line":32,"column":31},"end":{"line":32,"column":64}},"19":{"start":{"line":34,"column":8},"end":{"line":43,"column":null}},"20":{"start":{"line":35,"column":12},"end":{"line":42,"column":15}},"21":{"start":{"line":44,"column":8},"end":{"line":53,"column":null}},"22":{"start":{"line":45,"column":12},"end":{"line":52,"column":15}},"23":{"start":{"line":54,"column":8},"end":{"line":60,"column":null}},"24":{"start":{"line":55,"column":12},"end":{"line":55,"column":30}},"25":{"start":{"line":56,"column":12},"end":{"line":59,"column":15}},"26":{"start":{"line":62,"column":8},"end":{"line":65,"column":11}},"27":{"start":{"line":15,"column":13},"end":{"line":15,"column":24}},"28":{"start":{"line":69,"column":21},"end":{"line":111,"column":2}},"29":{"start":{"line":69,"column":59},"end":{"line":111,"column":2}},"30":{"start":{"line":70,"column":22},"end":{"line":70,"column":30}},"31":{"start":{"line":71,"column":4},"end":{"line":110,"column":null}},"32":{"start":{"line":72,"column":44},"end":{"line":72,"column":48}},"33":{"start":{"line":73,"column":23},"end":{"line":73,"column":52}},"34":{"start":{"line":74,"column":24},"end":{"line":74,"column":56}},"35":{"start":{"line":76,"column":8},"end":{"line":78,"column":null}},"36":{"start":{"line":77,"column":12},"end":{"line":77,"column":26}},"37":{"start":{"line":79,"column":8},"end":{"line":81,"column":null}},"38":{"start":{"line":80,"column":12},"end":{"line":80,"column":27}},"39":{"start":{"line":84,"column":8},"end":{"line":88,"column":null}},"40":{"start":{"line":85,"column":12},"end":{"line":87,"column":15}},"41":{"start":{"line":90,"column":32},"end":{"line":90,"column":86}},"42":{"start":{"line":91,"column":8},"end":{"line":95,"column":null}},"43":{"start":{"line":92,"column":12},"end":{"line":94,"column":15}},"44":{"start":{"line":97,"column":22},"end":{"line":97,"column":41}},"45":{"start":{"line":98,"column":58},"end":{"line":98,"column":73}},"46":{"start":{"line":98,"column":44},"end":{"line":98,"column":49}},"47":{"start":{"line":98,"column":53},"end":{"line":98,"column":58}},"48":{"start":{"line":99,"column":8},"end":{"line":104,"column":11}},"49":{"start":{"line":106,"column":8},"end":{"line":109,"column":11}},"50":{"start":{"line":69,"column":13},"end":{"line":69,"column":21}}},"fnMap":{"0":{"name":"(anonymous_9)","decl":{"start":{"line":7,"column":22},"end":{"line":7,"column":23}},"loc":{"start":{"line":7,"column":49},"end":{"line":13,"column":1}}},"1":{"name":"(anonymous_10)","decl":{"start":{"line":15,"column":24},"end":{"line":15,"column":31}},"loc":{"start":{"line":15,"column":62},"end":{"line":67,"column":2}}},"2":{"name":"(anonymous_11)","decl":{"start":{"line":15,"column":62},"end":{"line":15,"column":null}},"loc":{"start":{"line":15,"column":62},"end":{"line":67,"column":1}}},"3":{"name":"(anonymous_12)","decl":{"start":{"line":69,"column":21},"end":{"line":69,"column":28}},"loc":{"start":{"line":69,"column":59},"end":{"line":111,"column":2}}},"4":{"name":"(anonymous_13)","decl":{"start":{"line":69,"column":59},"end":{"line":69,"column":null}},"loc":{"start":{"line":69,"column":59},"end":{"line":111,"column":1}}}},"branchMap":{"0":{"loc":{"start":{"line":19,"column":8},"end":{"line":23,"column":null}},"type":"if","locations":[{"start":{"line":19,"column":8},"end":{"line":23,"column":null}},{"start":{"line":21,"column":15},"end":{"line":23,"column":null}}]},"1":{"loc":{"start":{"line":21,"column":15},"end":{"line":23,"column":null}},"type":"if","locations":[{"start":{"line":21,"column":15},"end":{"line":23,"column":null}}]},"2":{"loc":{"start":{"line":25,"column":8},"end":{"line":29,"column":null}},"type":"if","locations":[{"start":{"line":25,"column":8},"end":{"line":29,"column":null}}]},"3":{"loc":{"start":{"line":34,"column":8},"end":{"line":43,"column":null}},"type":"if","locations":[{"start":{"line":34,"column":8},"end":{"line":43,"column":null}}]},"4":{"loc":{"start":{"line":44,"column":8},"end":{"line":53,"column":null}},"type":"if","locations":[{"start":{"line":44,"column":8},"end":{"line":53,"column":null}}]},"5":{"loc":{"start":{"line":54,"column":8},"end":{"line":60,"column":null}},"type":"if","locations":[{"start":{"line":54,"column":8},"end":{"line":60,"column":null}}]},"6":{"loc":{"start":{"line":76,"column":8},"end":{"line":78,"column":null}},"type":"if","locations":[{"start":{"line":76,"column":8},"end":{"line":78,"column":null}}]},"7":{"loc":{"start":{"line":79,"column":8},"end":{"line":81,"column":null}},"type":"if","locations":[{"start":{"line":79,"column":8},"end":{"line":81,"column":null}}]},"8":{"loc":{"start":{"line":84,"column":8},"end":{"line":88,"column":null}},"type":"if","locations":[{"start":{"line":84,"column":8},"end":{"line":88,"column":null}}]},"9":{"loc":{"start":{"line":91,"column":8},"end":{"line":95,"column":null}},"type":"if","locations":[{"start":{"line":91,"column":8},"end":{"line":95,"column":null}}]}},"s":{"0":1,"1":1,"2":1,"3":1,"4":1,"5":0,"6":1,"7":0,"8":0,"9":0,"10":0,"11":0,"12":0,"13":0,"14":0,"15":0,"16":0,"17":0,"18":0,"19":0,"20":0,"21":0,"22":0,"23":0,"24":0,"25":0,"26":0,"27":1,"28":1,"29":0,"30":0,"31":0,"32":0,"33":0,"34":0,"35":0,"36":0,"37":0,"38":0,"39":0,"40":0,"41":0,"42":0,"43":0,"44":0,"45":0,"46":0,"47":0,"48":0,"49":0,"50":1},"f":{"0":0,"1":0,"2":0,"3":0,"4":0},"b":{"0":[0,0],"1":[0],"2":[0],"3":[0],"4":[0],"5":[0],"6":[0],"7":[0],"8":[0],"9":[0]}}
,"D:\\Rafi\\Programming\\Project\\fitness-app\\backend\\src\\Controllers\\reviewController.ts": {"path":"D:\\Rafi\\Programming\\Project\\fitness-app\\backend\\src\\Controllers\\reviewController.ts","statementMap":{"0":{"start":{"line":1,"column":0},"end":{"line":1,"column":44}},"1":{"start":{"line":2,"column":0},"end":{"line":2,"column":46}},"2":{"start":{"line":5,"column":29},"end":{"line":16,"column":null}},"3":{"start":{"line":5,"column":67},"end":{"line":16,"column":null}},"4":{"start":{"line":6,"column":4},"end":{"line":15,"column":null}},"5":{"start":{"line":7,"column":24},"end":{"line":7,"column":45}},"6":{"start":{"line":8,"column":8},"end":{"line":12,"column":11}},"7":{"start":{"line":14,"column":8},"end":{"line":14,"column":71}},"8":{"start":{"line":5,"column":13},"end":{"line":5,"column":29}},"9":{"start":{"line":19,"column":28},"end":{"line":41,"column":null}},"10":{"start":{"line":19,"column":66},"end":{"line":41,"column":null}},"11":{"start":{"line":20,"column":4},"end":{"line":20,"column":67}},"12":{"start":{"line":20,"column":27},"end":{"line":20,"column":67}},"13":{"start":{"line":21,"column":4},"end":{"line":21,"column":61}},"14":{"start":{"line":21,"column":24},"end":{"line":21,"column":61}},"15":{"start":{"line":23,"column":22},"end":{"line":23,"column":42}},"16":{"start":{"line":25,"column":4},"end":{"line":40,"column":null}},"17":{"start":{"line":26,"column":28},"end":{"line":26,"column":50}},"18":{"start":{"line":27,"column":8},"end":{"line":29,"column":11}},"19":{"start":{"line":30,"column":8},"end":{"line":34,"column":11}},"20":{"start":{"line":36,"column":8},"end":{"line":39,"column":11}},"21":{"start":{"line":19,"column":13},"end":{"line":19,"column":28}}},"fnMap":{"0":{"name":"(anonymous_8)","decl":{"start":{"line":5,"column":29},"end":{"line":5,"column":36}},"loc":{"start":{"line":5,"column":67},"end":{"line":16,"column":null}}},"1":{"name":"(anonymous_9)","decl":{"start":{"line":5,"column":67},"end":{"line":5,"column":null}},"loc":{"start":{"line":5,"column":67},"end":{"line":16,"column":1}}},"2":{"name":"(anonymous_10)","decl":{"start":{"line":19,"column":28},"end":{"line":19,"column":35}},"loc":{"start":{"line":19,"column":66},"end":{"line":41,"column":null}}},"3":{"name":"(anonymous_11)","decl":{"start":{"line":19,"column":66},"end":{"line":19,"column":null}},"loc":{"start":{"line":19,"column":66},"end":{"line":41,"column":1}}}},"branchMap":{"0":{"loc":{"start":{"line":20,"column":4},"end":{"line":20,"column":67}},"type":"if","locations":[{"start":{"line":20,"column":4},"end":{"line":20,"column":67}}]},"1":{"loc":{"start":{"line":21,"column":4},"end":{"line":21,"column":61}},"type":"if","locations":[{"start":{"line":21,"column":4},"end":{"line":21,"column":61}}]}},"s":{"0":1,"1":1,"2":1,"3":0,"4":0,"5":0,"6":0,"7":0,"8":1,"9":1,"10":0,"11":0,"12":0,"13":0,"14":0,"15":0,"16":0,"17":0,"18":0,"19":0,"20":0,"21":1},"f":{"0":0,"1":0,"2":0,"3":0},"b":{"0":[0],"1":[0]}}
,"D:\\Rafi\\Programming\\Project\\fitness-app\\backend\\src\\Controllers\\trainerController.ts": {"path":"D:\\Rafi\\Programming\\Project\\fitness-app\\backend\\src\\Controllers\\trainerController.ts","statementMap":{"0":{"start":{"line":2,"column":0},"end":{"line":2,"column":46}},"1":{"start":{"line":3,"column":0},"end":{"line":3,"column":46}},"2":{"start":{"line":9,"column":29},"end":{"line":27,"column":2}},"3":{"start":{"line":9,"column":67},"end":{"line":27,"column":2}},"4":{"start":{"line":10,"column":15},"end":{"line":10,"column":28}},"5":{"start":{"line":11,"column":4},"end":{"line":26,"column":null}},"6":{"start":{"line":12,"column":30},"end":{"line":14,"column":null}},"7":{"start":{"line":16,"column":8},"end":{"line":20,"column":null}},"8":{"start":{"line":22,"column":8},"end":{"line":25,"column":null}},"9":{"start":{"line":9,"column":13},"end":{"line":9,"column":29}},"10":{"start":{"line":29,"column":29},"end":{"line":43,"column":2}},"11":{"start":{"line":29,"column":67},"end":{"line":43,"column":2}},"12":{"start":{"line":30,"column":15},"end":{"line":30,"column":28}},"13":{"start":{"line":31,"column":4},"end":{"line":42,"column":null}},"14":{"start":{"line":32,"column":8},"end":{"line":32,"column":44}},"15":{"start":{"line":33,"column":8},"end":{"line":36,"column":null}},"16":{"start":{"line":38,"column":8},"end":{"line":41,"column":null}},"17":{"start":{"line":29,"column":13},"end":{"line":29,"column":29}},"18":{"start":{"line":45,"column":32},"end":{"line":62,"column":2}},"19":{"start":{"line":45,"column":70},"end":{"line":62,"column":2}},"20":{"start":{"line":46,"column":15},"end":{"line":46,"column":28}},"21":{"start":{"line":47,"column":4},"end":{"line":61,"column":null}},"22":{"start":{"line":48,"column":24},"end":{"line":50,"column":32}},"23":{"start":{"line":51,"column":8},"end":{"line":55,"column":11}},"24":{"start":{"line":57,"column":8},"end":{"line":60,"column":11}},"25":{"start":{"line":45,"column":13},"end":{"line":45,"column":32}},"26":{"start":{"line":64,"column":30},"end":{"line":92,"column":2}},"27":{"start":{"line":64,"column":68},"end":{"line":92,"column":2}},"28":{"start":{"line":65,"column":4},"end":{"line":91,"column":null}},"29":{"start":{"line":66,"column":26},"end":{"line":66,"column":35}},"30":{"start":{"line":68,"column":8},"end":{"line":80,"column":null}},"31":{"start":{"line":69,"column":12},"end":{"line":75,"column":35}},"32":{"start":{"line":77,"column":12},"end":{"line":79,"column":35}},"33":{"start":{"line":81,"column":8},"end":{"line":85,"column":null}},"34":{"start":{"line":87,"column":8},"end":{"line":90,"column":11}},"35":{"start":{"line":64,"column":13},"end":{"line":64,"column":30}},"36":{"start":{"line":94,"column":28},"end":{"line":117,"column":null}},"37":{"start":{"line":94,"column":70},"end":{"line":117,"column":null}},"38":{"start":{"line":95,"column":22},"end":{"line":95,"column":32}},"39":{"start":{"line":96,"column":4},"end":{"line":116,"column":null}},"40":{"start":{"line":97,"column":24},"end":{"line":97,"column":57}},"41":{"start":{"line":98,"column":8},"end":{"line":103,"column":null}},"42":{"start":{"line":99,"column":12},"end":{"line":102,"column":null}},"43":{"start":{"line":104,"column":38},"end":{"line":104,"column":56}},"44":{"start":{"line":104,"column":24},"end":{"line":104,"column":29}},"45":{"start":{"line":104,"column":33},"end":{"line":104,"column":38}},"46":{"start":{"line":105,"column":29},"end":{"line":105,"column":71}},"47":{"start":{"line":106,"column":8},"end":{"line":110,"column":null}},"48":{"start":{"line":112,"column":8},"end":{"line":115,"column":null}},"49":{"start":{"line":94,"column":13},"end":{"line":94,"column":28}}},"fnMap":{"0":{"name":"(anonymous_9)","decl":{"start":{"line":9,"column":29},"end":{"line":9,"column":36}},"loc":{"start":{"line":9,"column":67},"end":{"line":27,"column":2}}},"1":{"name":"(anonymous_10)","decl":{"start":{"line":9,"column":67},"end":{"line":9,"column":null}},"loc":{"start":{"line":9,"column":67},"end":{"line":27,"column":1}}},"2":{"name":"(anonymous_11)","decl":{"start":{"line":29,"column":29},"end":{"line":29,"column":36}},"loc":{"start":{"line":29,"column":67},"end":{"line":43,"column":2}}},"3":{"name":"(anonymous_12)","decl":{"start":{"line":29,"column":67},"end":{"line":29,"column":null}},"loc":{"start":{"line":29,"column":67},"end":{"line":43,"column":1}}},"4":{"name":"(anonymous_13)","decl":{"start":{"line":45,"column":32},"end":{"line":45,"column":39}},"loc":{"start":{"line":45,"column":70},"end":{"line":62,"column":2}}},"5":{"name":"(anonymous_14)","decl":{"start":{"line":45,"column":70},"end":{"line":45,"column":null}},"loc":{"start":{"line":45,"column":70},"end":{"line":62,"column":1}}},"6":{"name":"(anonymous_15)","decl":{"start":{"line":64,"column":30},"end":{"line":64,"column":37}},"loc":{"start":{"line":64,"column":68},"end":{"line":92,"column":2}}},"7":{"name":"(anonymous_16)","decl":{"start":{"line":64,"column":68},"end":{"line":64,"column":null}},"loc":{"start":{"line":64,"column":68},"end":{"line":92,"column":1}}},"8":{"name":"(anonymous_17)","decl":{"start":{"line":94,"column":28},"end":{"line":94,"column":35}},"loc":{"start":{"line":94,"column":70},"end":{"line":117,"column":null}}},"9":{"name":"(anonymous_18)","decl":{"start":{"line":94,"column":70},"end":{"line":94,"column":null}},"loc":{"start":{"line":94,"column":70},"end":{"line":117,"column":1}}}},"branchMap":{"0":{"loc":{"start":{"line":68,"column":8},"end":{"line":80,"column":null}},"type":"if","locations":[{"start":{"line":68,"column":8},"end":{"line":80,"column":null}},{"start":{"line":76,"column":15},"end":{"line":80,"column":null}}]},"1":{"loc":{"start":{"line":98,"column":8},"end":{"line":103,"column":null}},"type":"if","locations":[{"start":{"line":98,"column":8},"end":{"line":103,"column":null}}]}},"s":{"0":1,"1":1,"2":1,"3":0,"4":0,"5":0,"6":0,"7":0,"8":0,"9":1,"10":1,"11":0,"12":0,"13":0,"14":0,"15":0,"16":0,"17":1,"18":1,"19":1,"20":1,"21":1,"22":1,"23":1,"24":0,"25":1,"26":1,"27":1,"28":1,"29":1,"30":1,"31":0,"32":1,"33":1,"34":0,"35":1,"36":1,"37":0,"38":0,"39":0,"40":0,"41":0,"42":0,"43":0,"44":0,"45":0,"46":0,"47":0,"48":0,"49":1},"f":{"0":0,"1":0,"2":0,"3":0,"4":1,"5":1,"6":1,"7":1,"8":0,"9":0},"b":{"0":[0,1],"1":[0]}}
,"D:\\Rafi\\Programming\\Project\\fitness-app\\backend\\src\\Controllers\\userController.ts": {"path":"D:\\Rafi\\Programming\\Project\\fitness-app\\backend\\src\\Controllers\\userController.ts","statementMap":{"0":{"start":{"line":1,"column":0},"end":{"line":1,"column":46}},"1":{"start":{"line":2,"column":0},"end":{"line":2,"column":40}},"2":{"start":{"line":10,"column":26},"end":{"line":29,"column":2}},"3":{"start":{"line":10,"column":64},"end":{"line":29,"column":2}},"4":{"start":{"line":11,"column":15},"end":{"line":11,"column":28}},"5":{"start":{"line":12,"column":4},"end":{"line":28,"column":null}},"6":{"start":{"line":13,"column":27},"end":{"line":16,"column":null}},"7":{"start":{"line":18,"column":8},"end":{"line":22,"column":11}},"8":{"start":{"line":24,"column":8},"end":{"line":27,"column":11}},"9":{"start":{"line":10,"column":13},"end":{"line":10,"column":26}},"10":{"start":{"line":31,"column":26},"end":{"line":45,"column":null}},"11":{"start":{"line":31,"column":64},"end":{"line":45,"column":null}},"12":{"start":{"line":32,"column":15},"end":{"line":32,"column":28}},"13":{"start":{"line":33,"column":4},"end":{"line":44,"column":null}},"14":{"start":{"line":34,"column":8},"end":{"line":34,"column":41}},"15":{"start":{"line":35,"column":8},"end":{"line":38,"column":11}},"16":{"start":{"line":40,"column":8},"end":{"line":43,"column":11}},"17":{"start":{"line":31,"column":13},"end":{"line":31,"column":26}},"18":{"start":{"line":47,"column":29},"end":{"line":62,"column":null}},"19":{"start":{"line":47,"column":67},"end":{"line":62,"column":null}},"20":{"start":{"line":48,"column":15},"end":{"line":48,"column":28}},"21":{"start":{"line":49,"column":4},"end":{"line":61,"column":null}},"22":{"start":{"line":50,"column":21},"end":{"line":50,"column":64}},"23":{"start":{"line":51,"column":8},"end":{"line":55,"column":null}},"24":{"start":{"line":57,"column":8},"end":{"line":60,"column":null}},"25":{"start":{"line":47,"column":13},"end":{"line":47,"column":29}},"26":{"start":{"line":64,"column":27},"end":{"line":78,"column":null}},"27":{"start":{"line":64,"column":65},"end":{"line":78,"column":null}},"28":{"start":{"line":65,"column":4},"end":{"line":77,"column":null}},"29":{"start":{"line":66,"column":22},"end":{"line":66,"column":61}},"30":{"start":{"line":67,"column":8},"end":{"line":71,"column":11}},"31":{"start":{"line":73,"column":8},"end":{"line":76,"column":11}},"32":{"start":{"line":64,"column":13},"end":{"line":64,"column":27}},"33":{"start":{"line":80,"column":30},"end":{"line":102,"column":2}},"34":{"start":{"line":80,"column":72},"end":{"line":102,"column":2}},"35":{"start":{"line":81,"column":19},"end":{"line":81,"column":29}},"36":{"start":{"line":82,"column":4},"end":{"line":101,"column":null}},"37":{"start":{"line":83,"column":21},"end":{"line":83,"column":48}},"38":{"start":{"line":84,"column":8},"end":{"line":89,"column":null}},"39":{"start":{"line":85,"column":12},"end":{"line":88,"column":null}},"40":{"start":{"line":90,"column":38},"end":{"line":90,"column":53}},"41":{"start":{"line":90,"column":24},"end":{"line":90,"column":29}},"42":{"start":{"line":90,"column":33},"end":{"line":90,"column":38}},"43":{"start":{"line":91,"column":8},"end":{"line":95,"column":null}},"44":{"start":{"line":97,"column":8},"end":{"line":100,"column":null}},"45":{"start":{"line":80,"column":13},"end":{"line":80,"column":30}},"46":{"start":{"line":104,"column":32},"end":{"line":118,"column":2}},"47":{"start":{"line":104,"column":74},"end":{"line":118,"column":2}},"48":{"start":{"line":105,"column":4},"end":{"line":117,"column":null}},"49":{"start":{"line":107,"column":25},"end":{"line":107,"column":65}},"50":{"start":{"line":109,"column":27},"end":{"line":109,"column":72}},"51":{"start":{"line":109,"column":53},"end":{"line":109,"column":71}},"52":{"start":{"line":111,"column":25},"end":{"line":111,"column":90}},"53":{"start":{"line":113,"column":8},"end":{"line":116,"column":null}},"54":{"start":{"line":104,"column":13},"end":{"line":104,"column":32}}},"fnMap":{"0":{"name":"(anonymous_9)","decl":{"start":{"line":10,"column":26},"end":{"line":10,"column":33}},"loc":{"start":{"line":10,"column":64},"end":{"line":29,"column":2}}},"1":{"name":"(anonymous_10)","decl":{"start":{"line":10,"column":64},"end":{"line":10,"column":null}},"loc":{"start":{"line":10,"column":64},"end":{"line":29,"column":1}}},"2":{"name":"(anonymous_11)","decl":{"start":{"line":31,"column":26},"end":{"line":31,"column":33}},"loc":{"start":{"line":31,"column":64},"end":{"line":45,"column":null}}},"3":{"name":"(anonymous_12)","decl":{"start":{"line":31,"column":64},"end":{"line":31,"column":null}},"loc":{"start":{"line":31,"column":64},"end":{"line":45,"column":1}}},"4":{"name":"(anonymous_13)","decl":{"start":{"line":47,"column":29},"end":{"line":47,"column":36}},"loc":{"start":{"line":47,"column":67},"end":{"line":62,"column":null}}},"5":{"name":"(anonymous_14)","decl":{"start":{"line":47,"column":67},"end":{"line":47,"column":null}},"loc":{"start":{"line":47,"column":67},"end":{"line":62,"column":1}}},"6":{"name":"(anonymous_15)","decl":{"start":{"line":64,"column":27},"end":{"line":64,"column":34}},"loc":{"start":{"line":64,"column":65},"end":{"line":78,"column":null}}},"7":{"name":"(anonymous_16)","decl":{"start":{"line":64,"column":65},"end":{"line":64,"column":null}},"loc":{"start":{"line":64,"column":65},"end":{"line":78,"column":1}}},"8":{"name":"(anonymous_17)","decl":{"start":{"line":80,"column":30},"end":{"line":80,"column":37}},"loc":{"start":{"line":80,"column":72},"end":{"line":102,"column":2}}},"9":{"name":"(anonymous_18)","decl":{"start":{"line":80,"column":72},"end":{"line":80,"column":null}},"loc":{"start":{"line":80,"column":72},"end":{"line":102,"column":1}}},"10":{"name":"(anonymous_19)","decl":{"start":{"line":104,"column":32},"end":{"line":104,"column":39}},"loc":{"start":{"line":104,"column":74},"end":{"line":118,"column":2}}},"11":{"name":"(anonymous_20)","decl":{"start":{"line":104,"column":74},"end":{"line":104,"column":null}},"loc":{"start":{"line":104,"column":74},"end":{"line":118,"column":1}}},"12":{"name":"(anonymous_21)","decl":{"start":{"line":109,"column":40},"end":{"line":109,"column":41}},"loc":{"start":{"line":109,"column":53},"end":{"line":109,"column":71}}}},"branchMap":{"0":{"loc":{"start":{"line":84,"column":8},"end":{"line":89,"column":null}},"type":"if","locations":[{"start":{"line":84,"column":8},"end":{"line":89,"column":null}}]}},"s":{"0":1,"1":1,"2":1,"3":0,"4":0,"5":0,"6":0,"7":0,"8":0,"9":1,"10":1,"11":0,"12":0,"13":0,"14":0,"15":0,"16":0,"17":1,"18":1,"19":0,"20":0,"21":0,"22":0,"23":0,"24":0,"25":1,"26":1,"27":0,"28":0,"29":0,"30":0,"31":0,"32":1,"33":1,"34":0,"35":0,"36":0,"37":0,"38":0,"39":0,"40":0,"41":0,"42":0,"43":0,"44":0,"45":1,"46":1,"47":0,"48":0,"49":0,"50":0,"51":0,"52":0,"53":0,"54":1},"f":{"0":0,"1":0,"2":0,"3":0,"4":0,"5":0,"6":0,"7":0,"8":0,"9":0,"10":0,"11":0,"12":0},"b":{"0":[0]}}
,"D:\\Rafi\\Programming\\Project\\fitness-app\\backend\\src\\Routes\\auth.ts": {"path":"D:\\Rafi\\Programming\\Project\\fitness-app\\backend\\src\\Routes\\auth.ts","statementMap":{"0":{"start":{"line":1,"column":0},"end":{"line":1,"column":30}},"1":{"start":{"line":2,"column":0},"end":{"line":2,"column":64}},"2":{"start":{"line":4,"column":15},"end":{"line":4,"column":31}},"3":{"start":{"line":6,"column":0},"end":{"line":6,"column":35}},"4":{"start":{"line":7,"column":0},"end":{"line":7,"column":29}},"5":{"start":{"line":9,"column":0},"end":{"line":9,"column":22}}},"fnMap":{},"branchMap":{},"s":{"0":1,"1":1,"2":1,"3":1,"4":1,"5":1},"f":{},"b":{}}
,"D:\\Rafi\\Programming\\Project\\fitness-app\\backend\\src\\Routes\\review.ts": {"path":"D:\\Rafi\\Programming\\Project\\fitness-app\\backend\\src\\Routes\\review.ts","statementMap":{"0":{"start":{"line":1,"column":0},"end":{"line":1,"column":30}},"1":{"start":{"line":2,"column":0},"end":{"line":2,"column":null}},"2":{"start":{"line":6,"column":0},"end":{"line":6,"column":61}},"3":{"start":{"line":8,"column":15},"end":{"line":8,"column":52}},"4":{"start":{"line":11,"column":0},"end":{"line":14,"column":60}},"5":{"start":{"line":16,"column":0},"end":{"line":16,"column":22}}},"fnMap":{},"branchMap":{},"s":{"0":1,"1":1,"2":1,"3":1,"4":1,"5":1},"f":{},"b":{}}
,"D:\\Rafi\\Programming\\Project\\fitness-app\\backend\\src\\Routes\\trainer.ts": {"path":"D:\\Rafi\\Programming\\Project\\fitness-app\\backend\\src\\Routes\\trainer.ts","statementMap":{"0":{"start":{"line":1,"column":0},"end":{"line":1,"column":30}},"1":{"start":{"line":2,"column":0},"end":{"line":2,"column":null}},"2":{"start":{"line":8,"column":0},"end":{"line":8,"column":61}},"3":{"start":{"line":9,"column":0},"end":{"line":9,"column":36}},"4":{"start":{"line":10,"column":15},"end":{"line":10,"column":31}},"5":{"start":{"line":12,"column":0},"end":{"line":12,"column":48}},"6":{"start":{"line":14,"column":0},"end":{"line":14,"column":32}},"7":{"start":{"line":15,"column":0},"end":{"line":15,"column":37}},"8":{"start":{"line":16,"column":0},"end":{"line":16,"column":71}},"9":{"start":{"line":17,"column":0},"end":{"line":17,"column":74}},"10":{"start":{"line":19,"column":0},"end":{"line":19,"column":22}}},"fnMap":{},"branchMap":{},"s":{"0":1,"1":1,"2":1,"3":1,"4":1,"5":1,"6":1,"7":1,"8":1,"9":1,"10":1},"f":{},"b":{}}
,"D:\\Rafi\\Programming\\Project\\fitness-app\\backend\\src\\Routes\\user.ts": {"path":"D:\\Rafi\\Programming\\Project\\fitness-app\\backend\\src\\Routes\\user.ts","statementMap":{"0":{"start":{"line":1,"column":0},"end":{"line":1,"column":30}},"1":{"start":{"line":2,"column":0},"end":{"line":2,"column":null}},"2":{"start":{"line":10,"column":0},"end":{"line":10,"column":61}},"3":{"start":{"line":12,"column":15},"end":{"line":12,"column":31}},"4":{"start":{"line":14,"column":0},"end":{"line":14,"column":64}},"5":{"start":{"line":15,"column":0},"end":{"line":15,"column":70}},"6":{"start":{"line":16,"column":0},"end":{"line":16,"column":67}},"7":{"start":{"line":17,"column":0},"end":{"line":17,"column":69}},"8":{"start":{"line":19,"column":0},"end":{"line":19,"column":78}},"9":{"start":{"line":20,"column":0},"end":{"line":20,"column":98}},"10":{"start":{"line":22,"column":0},"end":{"line":22,"column":22}}},"fnMap":{},"branchMap":{},"s":{"0":1,"1":1,"2":1,"3":1,"4":1,"5":1,"6":1,"7":1,"8":1,"9":1,"10":1},"f":{},"b":{}}
,"D:\\Rafi\\Programming\\Project\\fitness-app\\backend\\src\\auth\\verifyToken.ts": {"path":"D:\\Rafi\\Programming\\Project\\fitness-app\\backend\\src\\auth\\verifyToken.ts","statementMap":{"0":{"start":{"line":1,"column":0},"end":{"line":1,"column":31}},"1":{"start":{"line":3,"column":0},"end":{"line":3,"column":60}},"2":{"start":{"line":4,"column":0},"end":{"line":4,"column":51}},"3":{"start":{"line":11,"column":28},"end":{"line":43,"column":null}},"4":{"start":{"line":11,"column":90},"end":{"line":43,"column":null}},"5":{"start":{"line":13,"column":22},"end":{"line":13,"column":47}},"6":{"start":{"line":17,"column":4},"end":{"line":22,"column":null}},"7":{"start":{"line":18,"column":8},"end":{"line":21,"column":11}},"8":{"start":{"line":24,"column":4},"end":{"line":42,"column":null}},"9":{"start":{"line":25,"column":22},"end":{"line":25,"column":45}},"10":{"start":{"line":27,"column":29},"end":{"line":27,"column":84}},"11":{"start":{"line":28,"column":8},"end":{"line":28,"column":32}},"12":{"start":{"line":29,"column":8},"end":{"line":29,"column":32}},"13":{"start":{"line":30,"column":8},"end":{"line":30,"column":15}},"14":{"start":{"line":32,"column":8},"end":{"line":37,"column":null}},"15":{"start":{"line":33,"column":12},"end":{"line":36,"column":15}},"16":{"start":{"line":38,"column":8},"end":{"line":41,"column":11}},"17":{"start":{"line":11,"column":13},"end":{"line":11,"column":28}},"18":{"start":{"line":45,"column":24},"end":{"line":75,"column":null}},"19":{"start":{"line":45,"column":45},"end":{"line":75,"column":null}},"20":{"start":{"line":45,"column":107},"end":{"line":75,"column":null}},"21":{"start":{"line":46,"column":19},"end":{"line":46,"column":29}},"22":{"start":{"line":49,"column":19},"end":{"line":49,"column":46}},"23":{"start":{"line":50,"column":20},"end":{"line":50,"column":50}},"24":{"start":{"line":52,"column":4},"end":{"line":54,"column":null}},"25":{"start":{"line":53,"column":8},"end":{"line":53,"column":22}},"26":{"start":{"line":56,"column":4},"end":{"line":58,"column":null}},"27":{"start":{"line":57,"column":8},"end":{"line":57,"column":23}},"28":{"start":{"line":60,"column":4},"end":{"line":65,"column":null}},"29":{"start":{"line":61,"column":8},"end":{"line":64,"column":11}},"30":{"start":{"line":67,"column":4},"end":{"line":72,"column":null}},"31":{"start":{"line":68,"column":8},"end":{"line":71,"column":11}},"32":{"start":{"line":74,"column":4},"end":{"line":74,"column":11}},"33":{"start":{"line":45,"column":13},"end":{"line":45,"column":24}}},"fnMap":{"0":{"name":"(anonymous_8)","decl":{"start":{"line":11,"column":28},"end":{"line":11,"column":35}},"loc":{"start":{"line":11,"column":90},"end":{"line":43,"column":null}}},"1":{"name":"(anonymous_9)","decl":{"start":{"line":11,"column":90},"end":{"line":11,"column":null}},"loc":{"start":{"line":11,"column":90},"end":{"line":43,"column":1}}},"2":{"name":"(anonymous_10)","decl":{"start":{"line":45,"column":24},"end":{"line":45,"column":25}},"loc":{"start":{"line":45,"column":45},"end":{"line":75,"column":null}}},"3":{"name":"(anonymous_11)","decl":{"start":{"line":45,"column":45},"end":{"line":45,"column":52}},"loc":{"start":{"line":45,"column":107},"end":{"line":75,"column":null}}},"4":{"name":"(anonymous_12)","decl":{"start":{"line":45,"column":107},"end":{"line":45,"column":null}},"loc":{"start":{"line":45,"column":107},"end":{"line":75,"column":1}}}},"branchMap":{"0":{"loc":{"start":{"line":17,"column":4},"end":{"line":22,"column":null}},"type":"if","locations":[{"start":{"line":17,"column":4},"end":{"line":22,"column":null}}]},"1":{"loc":{"start":{"line":17,"column":8},"end":{"line":17,"column":53}},"type":"binary-expr","locations":[{"start":{"line":17,"column":8},"end":{"line":17,"column":18}},{"start":{"line":17,"column":22},"end":{"line":17,"column":53}}]},"2":{"loc":{"start":{"line":32,"column":8},"end":{"line":37,"column":null}},"type":"if","locations":[{"start":{"line":32,"column":8},"end":{"line":37,"column":null}}]},"3":{"loc":{"start":{"line":52,"column":4},"end":{"line":54,"column":null}},"type":"if","locations":[{"start":{"line":52,"column":4},"end":{"line":54,"column":null}}]},"4":{"loc":{"start":{"line":56,"column":4},"end":{"line":58,"column":null}},"type":"if","locations":[{"start":{"line":56,"column":4},"end":{"line":58,"column":null}}]},"5":{"loc":{"start":{"line":60,"column":4},"end":{"line":65,"column":null}},"type":"if","locations":[{"start":{"line":60,"column":4},"end":{"line":65,"column":null}}]},"6":{"loc":{"start":{"line":67,"column":4},"end":{"line":72,"column":null}},"type":"if","locations":[{"start":{"line":67,"column":4},"end":{"line":72,"column":null}}]}},"s":{"0":1,"1":1,"2":1,"3":1,"4":1,"5":1,"6":1,"7":1,"8":0,"9":0,"10":0,"11":0,"12":0,"13":0,"14":0,"15":0,"16":0,"17":1,"18":1,"19":9,"20":0,"21":0,"22":0,"23":0,"24":0,"25":0,"26":0,"27":0,"28":0,"29":0,"30":0,"31":0,"32":0,"33":1},"f":{"0":1,"1":1,"2":9,"3":0,"4":0},"b":{"0":[1],"1":[1,0],"2":[0],"3":[0],"4":[0],"5":[0],"6":[0]}}
,"D:\\Rafi\\Programming\\Project\\fitness-app\\backend\\src\\models\\BookingSchema.ts": {"path":"D:\\Rafi\\Programming\\Project\\fitness-app\\backend\\src\\models\\BookingSchema.ts","statementMap":{"0":{"start":{"line":1,"column":0},"end":{"line":1,"column":32}},"1":{"start":{"line":3,"column":39},"end":{"line":32,"column":24}},"2":{"start":{"line":34,"column":0},"end":{"line":34,"column":56}}},"fnMap":{},"branchMap":{},"s":{"0":1,"1":1,"2":1},"f":{},"b":{}}
,"D:\\Rafi\\Programming\\Project\\fitness-app\\backend\\src\\models\\ReviewSchema.ts": {"path":"D:\\Rafi\\Programming\\Project\\fitness-app\\backend\\src\\models\\ReviewSchema.ts","statementMap":{"0":{"start":{"line":1,"column":0},"end":{"line":1,"column":43}},"1":{"start":{"line":2,"column":0},"end":{"line":2,"column":38}},"2":{"start":{"line":7,"column":38},"end":{"line":27,"column":24}},"3":{"start":{"line":38,"column":0},"end":{"line":44,"column":3}},"4":{"start":{"line":39,"column":4},"end":{"line":42,"column":7}},"5":{"start":{"line":43,"column":4},"end":{"line":43,"column":11}},"6":{"start":{"line":46,"column":0},"end":{"line":63,"column":null}},"7":{"start":{"line":47,"column":18},"end":{"line":58,"column":6}},"8":{"start":{"line":59,"column":4},"end":{"line":62,"column":7}},"9":{"start":{"line":78,"column":0},"end":{"line":80,"column":3}},"10":{"start":{"line":79,"column":4},"end":{"line":79,"column":105}},"11":{"start":{"line":82,"column":0},"end":{"line":99,"column":null}},"12":{"start":{"line":83,"column":18},"end":{"line":94,"column":6}},"13":{"start":{"line":95,"column":4},"end":{"line":98,"column":7}},"14":{"start":{"line":101,"column":15},"end":{"line":101,"column":82}},"15":{"start":{"line":103,"column":0},"end":{"line":103,"column":22}}},"fnMap":{"0":{"name":"(anonymous_8)","decl":{"start":{"line":38,"column":65},"end":{"line":38,"column":75}},"loc":{"start":{"line":38,"column":79},"end":{"line":44,"column":1}}},"1":{"name":"(anonymous_9)","decl":{"start":{"line":46,"column":42},"end":{"line":46,"column":58}},"loc":{"start":{"line":46,"column":92},"end":{"line":63,"column":null}}},"2":{"name":"(anonymous_11)","decl":{"start":{"line":78,"column":42},"end":{"line":78,"column":null}},"loc":{"start":{"line":78,"column":42},"end":{"line":80,"column":1}}},"3":{"name":"(anonymous_12)","decl":{"start":{"line":82,"column":42},"end":{"line":82,"column":58}},"loc":{"start":{"line":82,"column":92},"end":{"line":99,"column":null}}}},"branchMap":{},"s":{"0":1,"1":1,"2":1,"3":1,"4":0,"5":0,"6":1,"7":0,"8":0,"9":1,"10":0,"11":1,"12":0,"13":0,"14":1,"15":1},"f":{"0":0,"1":0,"2":0,"3":0},"b":{}}
,"D:\\Rafi\\Programming\\Project\\fitness-app\\backend\\src\\models\\TrainerSchema.ts": {"path":"D:\\Rafi\\Programming\\Project\\fitness-app\\backend\\src\\models\\TrainerSchema.ts","statementMap":{"0":{"start":{"line":1,"column":0},"end":{"line":1,"column":61}},"1":{"start":{"line":25,"column":30},"end":{"line":60,"column":2}},"2":{"start":{"line":62,"column":33},"end":{"line":62,"column":83}},"3":{"start":{"line":64,"column":0},"end":{"line":64,"column":23}}},"fnMap":{},"branchMap":{},"s":{"0":1,"1":1,"2":1,"3":1},"f":{},"b":{}}
,"D:\\Rafi\\Programming\\Project\\fitness-app\\backend\\src\\models\\UserSchema.ts": {"path":"D:\\Rafi\\Programming\\Project\\fitness-app\\backend\\src\\models\\UserSchema.ts","statementMap":{"0":{"start":{"line":1,"column":0},"end":{"line":1,"column":61}},"1":{"start":{"line":14,"column":34},"end":{"line":27,"column":2}},"2":{"start":{"line":29,"column":27},"end":{"line":29,"column":68}},"3":{"start":{"line":31,"column":0},"end":{"line":31,"column":20}}},"fnMap":{},"branchMap":{},"s":{"0":1,"1":1,"2":1,"3":1},"f":{},"b":{}}
}
