TN:
SF:src\app.ts
FN:21,(anonymous_8)
FN:21,(anonymous_9)
FN:34,(anonymous_10)
FN:48,(anonymous_11)
FNF:4
FNH:3
FNDA:2,(anonymous_8)
FNDA:2,(anonymous_9)
FNDA:0,(anonymous_10)
FNDA:1,(anonymous_11)
DA:1,1
DA:2,1
DA:3,1
DA:4,1
DA:5,1
DA:6,1
DA:7,1
DA:8,1
DA:9,1
DA:10,1
DA:12,1
DA:13,1
DA:15,1
DA:19,1
DA:21,2
DA:22,2
DA:23,2
DA:29,0
DA:30,0
DA:34,1
DA:35,0
DA:39,1
DA:40,1
DA:41,1
DA:42,1
DA:43,1
DA:44,1
DA:45,1
DA:48,1
DA:49,1
DA:50,1
LF:31
LH:28
BRDA:13,0,0,1
BRDA:13,0,1,0
BRF:2
BRH:1
end_of_record
TN:
SF:src\Controllers\authController.ts
FN:7,(anonymous_9)
FN:15,(anonymous_10)
FN:15,(anonymous_11)
FN:69,(anonymous_12)
FN:69,(anonymous_13)
FNF:5
FNH:0
FNDA:0,(anonymous_9)
FNDA:0,(anonymous_10)
FNDA:0,(anonymous_11)
FNDA:0,(anonymous_12)
FNDA:0,(anonymous_13)
DA:2,1
DA:3,1
DA:4,1
DA:5,1
DA:7,1
DA:8,0
DA:15,1
DA:16,0
DA:17,0
DA:18,0
DA:19,0
DA:20,0
DA:21,0
DA:22,0
DA:25,0
DA:26,0
DA:31,0
DA:32,0
DA:34,0
DA:35,0
DA:44,0
DA:45,0
DA:54,0
DA:55,0
DA:56,0
DA:62,0
DA:69,1
DA:70,0
DA:71,0
DA:72,0
DA:73,0
DA:74,0
DA:76,0
DA:77,0
DA:79,0
DA:80,0
DA:84,0
DA:85,0
DA:90,0
DA:91,0
DA:92,0
DA:97,0
DA:98,0
DA:99,0
DA:106,0
LF:45
LH:7
BRDA:19,0,0,0
BRDA:19,0,1,0
BRDA:21,1,0,0
BRDA:25,2,0,0
BRDA:34,3,0,0
BRDA:44,4,0,0
BRDA:54,5,0,0
BRDA:76,6,0,0
BRDA:79,7,0,0
BRDA:84,8,0,0
BRDA:91,9,0,0
BRF:11
BRH:0
end_of_record
TN:
SF:src\Controllers\reviewController.ts
FN:5,(anonymous_8)
FN:5,(anonymous_9)
FN:19,(anonymous_10)
FN:19,(anonymous_11)
FNF:4
FNH:0
FNDA:0,(anonymous_8)
FNDA:0,(anonymous_9)
FNDA:0,(anonymous_10)
FNDA:0,(anonymous_11)
DA:1,1
DA:2,1
DA:5,1
DA:6,0
DA:7,0
DA:8,0
DA:14,0
DA:19,1
DA:20,0
DA:21,0
DA:23,0
DA:25,0
DA:26,0
DA:27,0
DA:30,0
DA:36,0
LF:16
LH:4
BRDA:20,0,0,0
BRDA:21,1,0,0
BRF:2
BRH:0
end_of_record
TN:
SF:src\Controllers\trainerController.ts
FN:9,(anonymous_9)
FN:9,(anonymous_10)
FN:29,(anonymous_11)
FN:29,(anonymous_12)
FN:45,(anonymous_13)
FN:45,(anonymous_14)
FN:64,(anonymous_15)
FN:64,(anonymous_16)
FN:94,(anonymous_17)
FN:94,(anonymous_18)
FNF:10
FNH:4
FNDA:0,(anonymous_9)
FNDA:0,(anonymous_10)
FNDA:0,(anonymous_11)
FNDA:0,(anonymous_12)
FNDA:1,(anonymous_13)
FNDA:1,(anonymous_14)
FNDA:1,(anonymous_15)
FNDA:1,(anonymous_16)
FNDA:0,(anonymous_17)
FNDA:0,(anonymous_18)
DA:2,1
DA:3,1
DA:9,1
DA:10,0
DA:11,0
DA:12,0
DA:16,0
DA:22,0
DA:29,1
DA:30,0
DA:31,0
DA:32,0
DA:33,0
DA:38,0
DA:45,1
DA:46,1
DA:47,1
DA:48,1
DA:51,1
DA:57,0
DA:64,1
DA:65,1
DA:66,1
DA:68,1
DA:69,0
DA:77,1
DA:81,1
DA:87,0
DA:94,1
DA:95,0
DA:96,0
DA:97,0
DA:98,0
DA:99,0
DA:104,0
DA:105,0
DA:106,0
DA:112,0
LF:38
LH:16
BRDA:68,0,0,0
BRDA:68,0,1,1
BRDA:98,1,0,0
BRF:3
BRH:1
end_of_record
TN:
SF:src\Controllers\userController.ts
FN:10,(anonymous_9)
FN:10,(anonymous_10)
FN:31,(anonymous_11)
FN:31,(anonymous_12)
FN:47,(anonymous_13)
FN:47,(anonymous_14)
FN:64,(anonymous_15)
FN:64,(anonymous_16)
FN:80,(anonymous_17)
FN:80,(anonymous_18)
FN:104,(anonymous_19)
FN:104,(anonymous_20)
FN:109,(anonymous_21)
FNF:13
FNH:0
FNDA:0,(anonymous_9)
FNDA:0,(anonymous_10)
FNDA:0,(anonymous_11)
FNDA:0,(anonymous_12)
FNDA:0,(anonymous_13)
FNDA:0,(anonymous_14)
FNDA:0,(anonymous_15)
FNDA:0,(anonymous_16)
FNDA:0,(anonymous_17)
FNDA:0,(anonymous_18)
FNDA:0,(anonymous_19)
FNDA:0,(anonymous_20)
FNDA:0,(anonymous_21)
DA:1,1
DA:2,1
DA:10,1
DA:11,0
DA:12,0
DA:13,0
DA:18,0
DA:24,0
DA:31,1
DA:32,0
DA:33,0
DA:34,0
DA:35,0
DA:40,0
DA:47,1
DA:48,0
DA:49,0
DA:50,0
DA:51,0
DA:57,0
DA:64,1
DA:65,0
DA:66,0
DA:67,0
DA:73,0
DA:80,1
DA:81,0
DA:82,0
DA:83,0
DA:84,0
DA:85,0
DA:90,0
DA:91,0
DA:97,0
DA:104,1
DA:105,0
DA:107,0
DA:109,0
DA:111,0
DA:113,0
LF:40
LH:8
BRDA:84,0,0,0
BRF:1
BRH:0
end_of_record
TN:
SF:src\Routes\auth.ts
FNF:0
FNH:0
DA:1,1
DA:2,1
DA:4,1
DA:6,1
DA:7,1
DA:9,1
LF:6
LH:6
BRF:0
BRH:0
end_of_record
TN:
SF:src\Routes\review.ts
FNF:0
FNH:0
DA:1,1
DA:2,1
DA:6,1
DA:8,1
DA:11,1
DA:16,1
LF:6
LH:6
BRF:0
BRH:0
end_of_record
TN:
SF:src\Routes\trainer.ts
FNF:0
FNH:0
DA:1,1
DA:2,1
DA:8,1
DA:9,1
DA:10,1
DA:12,1
DA:14,1
DA:15,1
DA:16,1
DA:17,1
DA:19,1
LF:11
LH:11
BRF:0
BRH:0
end_of_record
TN:
SF:src\Routes\user.ts
FNF:0
FNH:0
DA:1,1
DA:2,1
DA:10,1
DA:12,1
DA:14,1
DA:15,1
DA:16,1
DA:17,1
DA:19,1
DA:20,1
DA:22,1
LF:11
LH:11
BRF:0
BRH:0
end_of_record
TN:
SF:src\auth\verifyToken.ts
FN:11,(anonymous_8)
FN:11,(anonymous_9)
FN:45,(anonymous_10)
FN:45,(anonymous_11)
FN:45,(anonymous_12)
FNF:5
FNH:3
FNDA:1,(anonymous_8)
FNDA:1,(anonymous_9)
FNDA:9,(anonymous_10)
FNDA:0,(anonymous_11)
FNDA:0,(anonymous_12)
DA:1,1
DA:3,1
DA:4,1
DA:11,1
DA:13,1
DA:17,1
DA:18,1
DA:24,0
DA:25,0
DA:27,0
DA:28,0
DA:29,0
DA:30,0
DA:32,0
DA:33,0
DA:38,0
DA:45,9
DA:46,0
DA:49,0
DA:50,0
DA:52,0
DA:53,0
DA:56,0
DA:57,0
DA:60,0
DA:61,0
DA:67,0
DA:68,0
DA:74,0
LF:29
LH:8
BRDA:17,0,0,1
BRDA:17,1,0,1
BRDA:17,1,1,0
BRDA:32,2,0,0
BRDA:52,3,0,0
BRDA:56,4,0,0
BRDA:60,5,0,0
BRDA:67,6,0,0
BRF:8
BRH:2
end_of_record
TN:
SF:src\models\BookingSchema.ts
FNF:0
FNH:0
DA:1,1
DA:3,1
DA:34,1
LF:3
LH:3
BRF:0
BRH:0
end_of_record
TN:
SF:src\models\ReviewSchema.ts
FN:38,(anonymous_8)
FN:46,(anonymous_9)
FN:78,(anonymous_11)
FN:82,(anonymous_12)
FNF:4
FNH:0
FNDA:0,(anonymous_8)
FNDA:0,(anonymous_9)
FNDA:0,(anonymous_11)
FNDA:0,(anonymous_12)
DA:1,1
DA:2,1
DA:7,1
DA:38,1
DA:39,0
DA:43,0
DA:46,1
DA:47,0
DA:59,0
DA:78,1
DA:79,0
DA:82,1
DA:83,0
DA:95,0
DA:101,1
DA:103,1
LF:16
LH:9
BRF:0
BRH:0
end_of_record
TN:
SF:src\models\TrainerSchema.ts
FNF:0
FNH:0
DA:1,1
DA:25,1
DA:62,1
DA:64,1
LF:4
LH:4
BRF:0
BRH:0
end_of_record
TN:
SF:src\models\UserSchema.ts
FNF:0
FNH:0
DA:1,1
DA:14,1
DA:29,1
DA:31,1
LF:4
LH:4
BRF:0
BRH:0
end_of_record
